<?xml version="1.0" encoding="UTF-8"?>
<testng-results ignored="0" total="2" passed="2" failed="0" skipped="0">
  <reporter-output>
  </reporter-output>
  <suite started-at="2024-04-24T11:03:49 GMT-07:00" name="Suite" finished-at="2024-04-24T11:03:59 GMT-07:00" duration-ms="10723">
    <groups>
      <group name="regression">
        <method signature="Tc_001_AccountRegistrationTest.testmethod()[pri:0, instance:testCases.Tc_001_AccountRegistrationTest@c430e6c]" name="testmethod" class="testCases.Tc_001_AccountRegistrationTest"/>
      </group> <!-- regression -->
      <group name="sanity">
        <method signature="Tc_002_LoginTest.verfiylogin()[pri:0, instance:testCases.Tc_002_LoginTest@5a59ca5e]" name="verfiylogin" class="testCases.Tc_002_LoginTest"/>
      </group> <!-- sanity -->
      <group name="master">
        <method signature="Tc_001_AccountRegistrationTest.testmethod()[pri:0, instance:testCases.Tc_001_AccountRegistrationTest@c430e6c]" name="testmethod" class="testCases.Tc_001_AccountRegistrationTest"/>
        <method signature="Tc_002_LoginTest.verfiylogin()[pri:0, instance:testCases.Tc_002_LoginTest@5a59ca5e]" name="verfiylogin" class="testCases.Tc_002_LoginTest"/>
      </group> <!-- master -->
    </groups>
    <test started-at="2024-04-24T11:03:49 GMT-07:00" name="Test" finished-at="2024-04-24T11:03:59 GMT-07:00" duration-ms="10723">
      <class name="testCases.Tc_001_AccountRegistrationTest">
        <test-method is-config="true" signature="setup(java.lang.String,java.lang.String)[pri:0, instance:testCases.Tc_001_AccountRegistrationTest@c430e6c]" started-at="2024-04-24T11:03:49 GMT-07:00" name="setup" finished-at="2024-04-24T11:03:52 GMT-07:00" duration-ms="3089" status="PASS">
          <params>
            <param index="0">
              <value>
                <![CDATA[windows]]>
              </value>
            </param>
            <param index="1">
              <value>
                <![CDATA[chrome]]>
              </value>
            </param>
          </params>
          <reporter-output>
          </reporter-output>
        </test-method> <!-- setup -->
        <test-method signature="testmethod()[pri:0, instance:testCases.Tc_001_AccountRegistrationTest@c430e6c]" started-at="2024-04-24T11:03:52 GMT-07:00" name="testmethod" finished-at="2024-04-24T11:03:56 GMT-07:00" duration-ms="3914" status="PASS">
          <reporter-output>
          </reporter-output>
        </test-method> <!-- testmethod -->
        <test-method is-config="true" signature="teardown()[pri:0, instance:testCases.Tc_001_AccountRegistrationTest@c430e6c]" started-at="2024-04-24T11:03:56 GMT-07:00" name="teardown" finished-at="2024-04-24T11:03:56 GMT-07:00" duration-ms="111" status="PASS">
          <reporter-output>
          </reporter-output>
        </test-method> <!-- teardown -->
      </class> <!-- testCases.Tc_001_AccountRegistrationTest -->
      <class name="testCases.Tc_002_LoginTest">
        <test-method is-config="true" signature="setup(java.lang.String,java.lang.String)[pri:0, instance:testCases.Tc_002_LoginTest@5a59ca5e]" started-at="2024-04-24T11:03:56 GMT-07:00" name="setup" finished-at="2024-04-24T11:03:58 GMT-07:00" duration-ms="1656" status="PASS">
          <params>
            <param index="0">
              <value>
                <![CDATA[windows]]>
              </value>
            </param>
            <param index="1">
              <value>
                <![CDATA[chrome]]>
              </value>
            </param>
          </params>
          <reporter-output>
          </reporter-output>
        </test-method> <!-- setup -->
        <test-method signature="verfiylogin()[pri:0, instance:testCases.Tc_002_LoginTest@5a59ca5e]" started-at="2024-04-24T11:03:58 GMT-07:00" name="verfiylogin" finished-at="2024-04-24T11:03:59 GMT-07:00" duration-ms="1511" status="PASS">
          <reporter-output>
          </reporter-output>
        </test-method> <!-- verfiylogin -->
        <test-method is-config="true" signature="teardown()[pri:0, instance:testCases.Tc_002_LoginTest@5a59ca5e]" started-at="2024-04-24T11:03:59 GMT-07:00" name="teardown" finished-at="2024-04-24T11:03:59 GMT-07:00" duration-ms="104" status="PASS">
          <reporter-output>
          </reporter-output>
        </test-method> <!-- teardown -->
      </class> <!-- testCases.Tc_002_LoginTest -->
    </test> <!-- Test -->
  </suite> <!-- Suite -->
</testng-results>
